Traceback (most recent call last):
  File "/home/runner/work/qmlcourse/qmlcourse/.venv/lib/python3.8/site-packages/jupyter_cache/executors/utils.py", line 51, in single_nb_execution
    executenb(
  File "/home/runner/work/qmlcourse/qmlcourse/.venv/lib/python3.8/site-packages/nbclient/client.py", line 1117, in execute
    return NotebookClient(nb=nb, resources=resources, km=km, **kwargs).execute()
  File "/home/runner/work/qmlcourse/qmlcourse/.venv/lib/python3.8/site-packages/nbclient/util.py", line 78, in wrapped
    return just_run(coro(*args, **kwargs))
  File "/home/runner/work/qmlcourse/qmlcourse/.venv/lib/python3.8/site-packages/nbclient/util.py", line 57, in just_run
    return loop.run_until_complete(coro)
  File "/opt/hostedtoolcache/Python/3.8.12/x64/lib/python3.8/asyncio/base_events.py", line 616, in run_until_complete
    return future.result()
  File "/home/runner/work/qmlcourse/qmlcourse/.venv/lib/python3.8/site-packages/nbclient/client.py", line 558, in async_execute
    await self.async_execute_cell(
  File "/home/runner/work/qmlcourse/qmlcourse/.venv/lib/python3.8/site-packages/nbclient/client.py", line 862, in async_execute_cell
    self._check_raise_for_error(cell, exec_reply)
  File "/home/runner/work/qmlcourse/qmlcourse/.venv/lib/python3.8/site-packages/nbclient/client.py", line 765, in _check_raise_for_error
    raise CellExecutionError.from_cell_and_msg(cell, exec_reply_content)
nbclient.exceptions.CellExecutionError: An error occurred while executing the following cell:
------------------
bqm = dwavebinarycsp.stitch(csp)
------------------

[0;31m---------------------------------------------------------------------------[0m
[0;31mStopIteration[0m                             Traceback (most recent call last)
[0;32m~/work/qmlcourse/qmlcourse/.venv/lib/python3.8/site-packages/dwavebinarycsp/__init__.py[0m in [0;36massert_penaltymodel_factory_available[0;34m()[0m
[1;32m     53[0m     [0;32mtry[0m[0;34m:[0m[0;34m[0m[0;34m[0m[0m
[0;32m---> 54[0;31m         [0mnext[0m[0;34m([0m[0mfactories[0m[0;34m)[0m[0;34m[0m[0;34m[0m[0m
[0m[1;32m     55[0m     [0;32mexcept[0m [0mStopIteration[0m[0;34m:[0m[0;34m[0m[0;34m[0m[0m

[0;31mStopIteration[0m: 

During handling of the above exception, another exception occurred:

[0;31mAssertionError[0m                            Traceback (most recent call last)
[0;32m~/work/qmlcourse/qmlcourse/.venv/lib/python3.8/site-packages/dwavebinarycsp/compilers/stitcher.py[0m in [0;36mstitch[0;34m(csp, min_classical_gap, max_graph_size)[0m
[1;32m    128[0m     [0;32mtry[0m[0;34m:[0m[0;34m[0m[0;34m[0m[0m
[0;32m--> 129[0;31m         [0mdwavebinarycsp[0m[0;34m.[0m[0massert_penaltymodel_factory_available[0m[0;34m([0m[0;34m)[0m[0;34m[0m[0;34m[0m[0m
[0m[1;32m    130[0m     [0;32mexcept[0m [0mAssertionError[0m [0;32mas[0m [0me[0m[0;34m:[0m[0;34m[0m[0;34m[0m[0m

[0;32m~/work/qmlcourse/qmlcourse/.venv/lib/python3.8/site-packages/dwavebinarycsp/__init__.py[0m in [0;36massert_penaltymodel_factory_available[0;34m()[0m
[1;32m     55[0m     [0;32mexcept[0m [0mStopIteration[0m[0;34m:[0m[0;34m[0m[0;34m[0m[0m
[0;32m---> 56[0;31m         raise AssertionError(
[0m[1;32m     57[0m             [0;34m"To use 'dwavebinarycsp', at least one penaltymodel factory must be installed. "[0m[0;34m[0m[0;34m[0m[0m

[0;31mAssertionError[0m: To use 'dwavebinarycsp', at least one penaltymodel factory must be installed. Try 'pip install dwavebinarycsp[maxgap]' or 'pip install dwavebinarycsp[mip]'.

During handling of the above exception, another exception occurred:

[0;31mRuntimeError[0m                              Traceback (most recent call last)
[0;32m/tmp/ipykernel_2188/3648982378.py[0m in [0;36m<module>[0;34m[0m
[0;32m----> 1[0;31m [0mbqm[0m [0;34m=[0m [0mdwavebinarycsp[0m[0;34m.[0m[0mstitch[0m[0;34m([0m[0mcsp[0m[0;34m)[0m[0;34m[0m[0;34m[0m[0m
[0m
[0;32m~/work/qmlcourse/qmlcourse/.venv/lib/python3.8/site-packages/dwavebinarycsp/compilers/stitcher.py[0m in [0;36mstitch[0;34m(csp, min_classical_gap, max_graph_size)[0m
[1;32m    129[0m         [0mdwavebinarycsp[0m[0;34m.[0m[0massert_penaltymodel_factory_available[0m[0;34m([0m[0;34m)[0m[0;34m[0m[0;34m[0m[0m
[1;32m    130[0m     [0;32mexcept[0m [0mAssertionError[0m [0;32mas[0m [0me[0m[0;34m:[0m[0;34m[0m[0;34m[0m[0m
[0;32m--> 131[0;31m         [0;32mraise[0m [0mRuntimeError[0m[0;34m([0m[0me[0m[0;34m)[0m[0;34m[0m[0;34m[0m[0m
[0m[1;32m    132[0m [0;34m[0m[0m
[1;32m    133[0m     [0;32mdef[0m [0maux_factory[0m[0;34m([0m[0;34m)[0m[0;34m:[0m[0;34m[0m[0;34m[0m[0m

[0;31mRuntimeError[0m: To use 'dwavebinarycsp', at least one penaltymodel factory must be installed. Try 'pip install dwavebinarycsp[maxgap]' or 'pip install dwavebinarycsp[mip]'.
RuntimeError: To use 'dwavebinarycsp', at least one penaltymodel factory must be installed. Try 'pip install dwavebinarycsp[maxgap]' or 'pip install dwavebinarycsp[mip]'.

